<?xml version="1.0" encoding="UTF-8"?>
<testsuite name="com.example.sspr.SsprApplicationTests" tests="3" skipped="0" failures="0" errors="0" timestamp="2022-11-26T18:59:42" hostname="LAPTOP-SN533ICB" time="0.046">
  <properties/>
  <testcase name="test()" classname="com.example.sspr.SsprApplicationTests" time="0.038"/>
  <testcase name="test2()" classname="com.example.sspr.SsprApplicationTests" time="0.002"/>
  <testcase name="test3()" classname="com.example.sspr.SsprApplicationTests" time="0.002"/>
  <system-out><![CDATA[]]></system-out>
  <system-err><![CDATA[]]></system-err>
</testsuite>
